Determining if the pthread_create exist failed with the following output:
Change Dir: /mnt/e/school/s6/units/build/CMakeFiles/CMakeTmp

Run Build Command:"/usr/bin/make" "cmTC_9245f/fast"
/usr/bin/make -f CMakeFiles/cmTC_9245f.dir/build.make CMakeFiles/cmTC_9245f.dir/build
make[1]: Entering directory '/mnt/e/school/s6/units/build/CMakeFiles/CMakeTmp'
Building CXX object CMakeFiles/cmTC_9245f.dir/CheckSymbolExists.cxx.o
/usr/bin/c++     -o CMakeFiles/cmTC_9245f.dir/CheckSymbolExists.cxx.o -c /mnt/e/school/s6/units/build/CMakeFiles/CMakeTmp/CheckSymbolExists.cxx
Linking CXX executable cmTC_9245f
/usr/bin/cmake -E cmake_link_script CMakeFiles/cmTC_9245f.dir/link.txt --verbose=1
/usr/bin/c++       CMakeFiles/cmTC_9245f.dir/CheckSymbolExists.cxx.o  -o cmTC_9245f 
CMakeFiles/cmTC_9245f.dir/CheckSymbolExists.cxx.o: In function `main':
CheckSymbolExists.cxx:(.text+0x1b): undefined reference to `pthread_create'
collect2: error: ld returned 1 exit status
CMakeFiles/cmTC_9245f.dir/build.make:97: recipe for target 'cmTC_9245f' failed
make[1]: *** [cmTC_9245f] Error 1
make[1]: Leaving directory '/mnt/e/school/s6/units/build/CMakeFiles/CMakeTmp'
Makefile:126: recipe for target 'cmTC_9245f/fast' failed
make: *** [cmTC_9245f/fast] Error 2

File /mnt/e/school/s6/units/build/CMakeFiles/CMakeTmp/CheckSymbolExists.cxx:
/* */
#include <pthread.h>

int main(int argc, char** argv)
{
  (void)argv;
#ifndef pthread_create
  return ((int*)(&pthread_create))[argc];
#else
  (void)argc;
  return 0;
#endif
}

Determining if the function pthread_create exists in the pthreads failed with the following output:
Change Dir: /mnt/e/school/s6/units/build/CMakeFiles/CMakeTmp

Run Build Command:"/usr/bin/make" "cmTC_9df0c/fast"
/usr/bin/make -f CMakeFiles/cmTC_9df0c.dir/build.make CMakeFiles/cmTC_9df0c.dir/build
make[1]: Entering directory '/mnt/e/school/s6/units/build/CMakeFiles/CMakeTmp'
Building CXX object CMakeFiles/cmTC_9df0c.dir/CheckFunctionExists.cxx.o
/usr/bin/c++    -DCHECK_FUNCTION_EXISTS=pthread_create   -o CMakeFiles/cmTC_9df0c.dir/CheckFunctionExists.cxx.o -c /mnt/e/school/s6/units/build/CMakeFiles/CheckLibraryExists/CheckFunctionExists.cxx
Linking CXX executable cmTC_9df0c
/usr/bin/cmake -E cmake_link_script CMakeFiles/cmTC_9df0c.dir/link.txt --verbose=1
/usr/bin/c++   -DCHECK_FUNCTION_EXISTS=pthread_create    CMakeFiles/cmTC_9df0c.dir/CheckFunctionExists.cxx.o  -o cmTC_9df0c -lpthreads 
/usr/bin/ld: cannot find -lpthreads
collect2: error: ld returned 1 exit status
CMakeFiles/cmTC_9df0c.dir/build.make:97: recipe for target 'cmTC_9df0c' failed
make[1]: *** [cmTC_9df0c] Error 1
make[1]: Leaving directory '/mnt/e/school/s6/units/build/CMakeFiles/CMakeTmp'
Makefile:126: recipe for target 'cmTC_9df0c/fast' failed
make: *** [cmTC_9df0c/fast] Error 2


